Initializing document watcher...
Document watcher initialized
/User/settings.json: Using EditorConfig core...
student_04_badf2757045f/README-cloudshell.txt: {}
student_04_badf2757045f/terraform.tfstate: {}
student_04_badf2757045f/terraform.tfstate.backup: {}
student_04_badf2757045f/terraform.tfstate: {}
student_04_badf2757045f/variables.tf: {}
student_04_badf2757045f/abhishek.sh: {}
student_04_badf2757045f/abhishek.sh: {}
student_04_badf2757045f/abhishek.sh: {}
student_04_badf2757045f/abhishek.sh: {}
student_04_badf2757045f/abhishek.sh: {}
/tmp/abhishek.sh: {}
/User/settings.json: Using EditorConfig core...
student_04_badf2757045f/abhishek.sh: {}
student_04_badf2757045f/abhishek.sh: {}
student_04_badf2757045f/abhishek.sh: {}
student_04_badf2757045f/README.md: {}
student_04_badf2757045f/.terraform/modules/vpc/README.md: {}
student_04_badf2757045f/.terraform/modules/vpc/README.md: Using EditorConfig core...
student_04_badf2757045f/.terraform/modules/vpc/README.md: Using EditorConfig core...
student_04_badf2757045f/.terraform/modules/vpc/README.md: Using EditorConfig core...
student_04_badf2757045f/README.md: {}
student_04_badf2757045f/.terraform/modules/vpc/README.md: {}
/User/settings.json: Using EditorConfig core...
student_04_badf2757045f/README.md: {}
student_04_badf2757045f/README.md: {}
student_04_badf2757045f/README.md: {}
student_04_badf2757045f/README.md: Using EditorConfig core...
student_04_badf2757045f/README.md: Using EditorConfig core...
student_04_badf2757045f/README.md: Using EditorConfig core...
student_04_badf2757045f/README.md: {}
student_04_badf2757045f/README.md: {}
student_04_badf2757045f/main.tf: {}
student_04_badf2757045f/terraform.tfstate: {}
student_04_badf2757045f/terraform.tfstate.backup: {}
student_04_badf2757045f/README.md: {}
student_04_badf2757045f/README.md: Using EditorConfig core...
student_04_badf2757045f/README.md: Using EditorConfig core...
student_04_badf2757045f/README.md: Using EditorConfig core...
student_04_badf2757045f/terraform.tfstate.backup: {}
student_04_badf2757045f/README.md: {}
student_04_badf2757045f/modules/instances/instances.tf: {}
student_04_badf2757045f/modules/instances/outputs.tf: {}
student_04_badf2757045f/modules/instances/variables.tf: {}
student_04_badf2757045f/modules/instances/outputs.tf: {}
student_04_badf2757045f/modules/instances/variables.tf: {}
student_04_badf2757045f/modules/storage/outputs.tf: {}
student_04_badf2757045f/modules/storage/storage.tf: {}
student_04_badf2757045f/modules/storage/variables.tf: {}
student_04_badf2757045f/main.tf: {}
student_04_badf2757045f/abhishek.sh: {}
student_04_badf2757045f/lab.conf: {}
student_04_badf2757045f/abhishek.sh: {}
student_04_badf2757045f/README.md: {}
student_04_badf2757045f/README.md: Using EditorConfig core...
student_04_badf2757045f/README.md: Using EditorConfig core...
student_04_badf2757045f/README.md: {}
student_04_badf2757045f/lab.conf: {}
student_04_badf2757045f/lab.conf: Using EditorConfig core...
student_04_badf2757045f/abhishek.sh: {}
student_04_badf2757045f/abhishek.sh: Using EditorConfig core...
student_04_badf2757045f/README.md: {}
student_04_badf2757045f/README.md: Using EditorConfig core...
student_04_badf2757045f/README.md: {}
student_04_badf2757045f/lab.conf: {}
